2025-07-15 01:56:39 - RFID Log:  () - OUT
2025-07-15 01:56:54 - RFID Log:  () - IN
2025-07-15 01:57:43 - RFID Log:  () - OUT
2025-07-15 01:57:58 - RFID Log:  () - IN
2025-07-15 01:58:03 - RFID Log:  () - OUT
2025-07-15 01:58:17 - RFID Log:  () - IN
2025-07-15 01:58:29 - RFID Log:  () - OUT
2025-07-15 02:03:05 - RFID Log:  () - IN
2025-07-15 02:03:33 - RFID Log:  () - OUT
2025-07-15 02:04:25 - RFID Log:  () - IN
2025-07-15 02:06:27 - RFID Log:  () - OUT
2025-07-15 02:07:37 - RFID Log:  () - OUT
2025-07-15 02:07:42 - RFID Log:  () - IN
2025-07-15 02:36:13 - RFID Log:  () - IN
2025-07-15 22:16:21 - RFID Log: Eric MUSENGIMANA (UR/CE/2021/001) - entered
2025-07-15 22:16:49 - RFID Log: Grace UWASE (UR/CE/2021/004) - entered
2025-07-15 22:17:04 - RFID Log:  () - UNAUTHORIZED
2025-07-15 22:25:06 - RFID Log: Eric MUSENGIMANA (UR/CE/2021/001) - entered
2025-07-15 22:25:17 - RFID Log: Grace UWASE (UR/CE/2021/004) - entered
2025-07-15 22:25:28 - RFID Log:  () - UNAUTHORIZED
2025-07-15 22:25:45 - RFID Log:  () - UNAUTHORIZED
2025-07-15 22:25:56 - RFID Log: Eric MUSENGIMANA (UR/CE/2021/001) - exited
2025-07-15 22:26:01 - RFID Log: Grace UWASE (UR/CE/2021/004) - exited
2025-07-15 22:26:28 - RFID Log: Grace UWASE (UR/CE/2021/004) - entered
2025-07-15 22:26:33 - RFID Log:  () - UNAUTHORIZED
2025-07-15 22:26:37 - RFID Log: Eric MUSENGIMANA (UR/CE/2021/001) - entered
2025-07-15 22:30:22 - RFID Log: Eric MUSENGIMANA (UR/CE/2021/001) - exited
2025-07-15 22:31:26 - RFID Log:  () - UNAUTHORIZED
2025-07-15 22:35:00 - RFID Log:  () - UNAUTHORIZED
2025-07-15 22:35:13 - RFID Log: Eric MUSENGIMANA (UR/CE/2021/001) - entered
2025-07-15 22:35:26 - RFID Log: Grace UWASE (UR/CE/2021/004) - entered
2025-07-15 22:36:19 - RFID Log: Eric MUSENGIMANA (UR/CE/2021/001) - exited
2025-07-15 22:43:42 - RFID Log: Eric MUSENGIMANA (UR/CE/2021/001) - entered
2025-07-15 22:44:06 - RFID Log: Eric MUSENGIMANA (UR/CE/2021/001) - exited
2025-07-15 22:57:51 - RFID Log:  () - UNAUTHORIZED
2025-07-15 23:00:28 - RFID Log:  () - UNAUTHORIZED
2025-07-15 23:04:05 - RFID Log:  () - UNAUTHORIZED
2025-07-15 23:09:47 - RFID Log:  () - UNAUTHORIZED
2025-07-15 23:50:31 - RFID Log: John NTAKIRUTIMANA (UR/CE/2021/003) - entered
2025-07-15 23:50:55 - RFID Log: John NTAKIRUTIMANA (UR/CE/2021/003) - exited
